<dataset type="EDDTableFromMultidimNcFiles" datasetID="argos_test" active="true">
    <reloadEveryNMinutes>10080</reloadEveryNMinutes>
    <updateEveryNMillis>10000</updateEveryNMillis>
    <fileDir>/sand/usgs/users/rsignell/data/argos/</fileDir>
    <fileNameRegex>.*\.nc</fileNameRegex>
    <recursive>true</recursive>
    <pathRegex>.*</pathRegex>
    <metadataFrom>last</metadataFrom>
    <preExtractRegex></preExtractRegex>
    <postExtractRegex></postExtractRegex>
    <extractRegex></extractRegex>
    <columnNameForExtract></columnNameForExtract>
    <removeMVRows>true</removeMVRows>
    <sortFilesBySourceNames></sortFilesBySourceNames>
    <fileTableInMemory>false</fileTableInMemory>
    <accessibleViaFiles>false</accessibleViaFiles>
    <!-- sourceAttributes>
        <att name="acknowledgment">These data were acquired from the US NOAA National Oceanographic Data Center (NODC) on [DATE] from http://www.nodc.noaa.gov/.</att>
        <att name="cdm_data_type">Profile</att>
        <att name="Conventions">GADR-3.0 Argo-3.0 CF-1.6</att>
        <att name="creator_email">Charles.Sun@noaa.gov</att>
        <att name="creator_name">Charles Sun</att>
        <att name="creator_url">http://www.nodc.noaa.gov</att>
        <att name="date_created">2017-07-08T10:39:45Z</att>
        <att name="date_issued">2017-07-08T10:39:45Z</att>
        <att name="date_modified">2017-07-08T10:39:45Z</att>
        <att name="featureType">trajectoryProfile</att>
        <att name="file_source">The Argo Global Data Assembly Center FTP server at ftp://ftp.ifremer.fr/ifremer/argo</att>
        <att name="gadr_ConventionVersion">GADR-3.0</att>
        <att name="gadr_program">convAGDAC.f90</att>
        <att name="gadr_programVersion">1.0</att>
        <att name="geospatial_lat_max" type="float">-8.046</att>
        <att name="geospatial_lat_min" type="float">-12.368</att>
        <att name="geospatial_lat_resolution">point</att>
        <att name="geospatial_lat_units">degrees_north</att>
        <att name="geospatial_lon_max" type="float">55.953</att>
        <att name="geospatial_lon_min" type="float">39.717</att>
        <att name="geospatial_lon_resolution">point</att>
        <att name="geospatial_lon_units">degrees_east</att>
        <att name="geospatial_vertical_max" type="float">1999.9</att>
        <att name="geospatial_vertical_min" type="float">5.5</att>
        <att name="geospatial_vertical_positive">down</att>
        <att name="geospatial_vertical_resolution">point</att>
        <att name="geospatial_vertical_units">decibars</att>
        <att name="history">2017-07-08T10:39:45Z csun convAGDAC.f90 Version 1.0</att>
        <att name="id">0042682</att>
        <att name="institution">FR GDAC</att>
        <att name="keywords">temperature, salinity, sea_water_temperature, sea_water_salinity</att>
        <att name="keywords_vocabulary">NODC Data Types, CF Standard Names</att>
        <att name="license">These data are openly available to the public Please acknowledge the use of these data with the text given in the acknowledgment attribute.</att>
        <att name="Metadata_Conventions">Unidata Dataset Discovery v1.0</att>
        <att name="naming_authority">gov.noaa.nodc</att>
        <att name="publisher_email">NODC.Services@noaa.gov</att>
        <att name="publisher_name">US DOC; NESDIS; NATIONAL OCEANOGRAPHIC DATA CENTER - IN295</att>
        <att name="publisher_url">http://www.nodc.noaa.gov/</att>
        <att name="references">http://www.nodc.noaa.gov/argo/</att>
        <att name="source">Argo float</att>
        <att name="standard_name_vocabulary">CF-1.6</att>
        <att name="summary">The U.S. National Oceanographic Data Center (NODC) operates the Argo Global Data Repository (GADR). For information about organizations contributing data to GADR, see http://www.nodc.noaa.gov/argo/</att>
        <att name="time_coverage_duration">point</att>
        <att name="time_coverage_end">2005-07-18T06:22:25Z</att>
        <att name="time_coverage_resolution">point</att>
        <att name="time_coverage_start">2002-11-11T09:20:28Z</att>
        <att name="title">Argo float vertical profile</att>
        <att name="user_manual_version">3.1</att>
        <att name="uuid">3134a239-e3e5-4359-b556-acb2993f9c30</att>
    </sourceAttributes -->
    <!-- Please specify the actual cdm_data_type (TimeSeries?) and related info below, for example...
    -->
    <addAttributes>
        <att name="cdm_data_type">Profile</att>
        <att name="cdm_profile_variables">platform_number</att>
        <att name="subsetVariables">temp_qc, psal_qc</att>
        <att name="Conventions">GADR-3.0 Argo-3.0 CF-1.6, COARDS, ACDD-1.3</att>
        <att name="infoUrl">http://www.nodc.noaa.gov/argo/</att>
        <att name="keywords">adjusted, argo, array, assembly, best, center, centre, centres, charge, coded, config_mission_number, contains, coordinate, creation, crs, currents, cycle, cycle_number, data, data_centre, data_mode, data_state_indicator, data_type, date, date_creation, date_update, day, days, dc_reference, degree, delayed, denoting, density, determined, direction, equals, error, estimate, file, firmware, firmware_version, flag, float, float_serial_no, format, format_version, gadr, gdac, geostrophic, global, handbook, handbook_version, have, identifier, in-situ, instrument, investigator, its, its-90, juld, juld_location, juld_qc, julian, latitude, level, longitude, missions, mode, name, national, ncei, noaa, nodc, number, ocean, oceanographic, oceanography, oceans,
Oceans &gt; Ocean Pressure &gt; Water Pressure,
Oceans &gt; Ocean Temperature &gt; Water Temperature,
Oceans &gt; Salinity/Density &gt; Salinity,
passed, performed, pi_name, platform_number, platform_type, position, position_qc, positioning, positioning_system, practical, pres, pres_adjusted, pres_adjusted_error, pres_adjusted_qc, pres_qc, pressure, principal, process, processing, profile, profile_pres_qc, profile_psal_qc, profile_temp_qc, profiles, project, project_name, psal, psal_adjusted, psal_adjusted_error, psal_adjusted_qc, psal_qc, quality, real, real time, real-time, realtime, reference, reference_date_time, relative, repository, salinity, sampling, scale, scheme, sea, sea level, sea-level, sea_water_practical_salinity, sea_water_pressure, sea_water_salinity, sea_water_temperature, seawater, serial, situ, station, statistics, system, temp_adjusted, temp_adjusted_error, temp_adjusted_qc, temp_qc, temperature, through, time, type, unique, update, values, version, vertical, vertical_sampling_scheme, water, wmo_inst_type</att>
        <att name="keywords_vocabulary">GCMD Science Keywords</att>
        <att name="Metadata_Conventions">null</att>
        <att name="sourceUrl">(local files)</att>
        <att name="standard_name_vocabulary">CF Standard Name Table v29</att>
        <att name="subsetVariables">data_type, format_version, handbook_version, reference_date_time, date_creation, date_update, platform_number, project_name, pi_name, direction, data_centre, data_state_indicator, data_mode, platform_type, float_serial_no, firmware_version, wmo_inst_type, juld_qc, position_qc, positioning_system, profile_pres_qc, profile_temp_qc, profile_psal_qc, vertical_sampling_scheme, config_mission_number, pres_qc, pres_adjusted_qc, pres_adjusted_error, temp_qc, temp_adjusted_qc, temp_adjusted_error, psal_qc, psal_adjusted_qc, crs</att>
        <att name="summary">The U.S. National Oceanographic Data Center (NODC) operates the Argo Global Data Repository (Global Argo Data Repository (GADR)). For information about organizations contributing data to GADR, see http://www.nodc.noaa.gov/argo/</att>
    </addAttributes>
    <dataVariable>
        <sourceName>data_type</sourceName>
        <destinationName>data_type</destinationName>
        <dataType>String</dataType>
        <!-- sourceAttributes>
            <att name="conventions">Argo reference table 1</att>
            <att name="long_name">Data type</att>
        </sourceAttributes -->
        <addAttributes>
            <att name="ioos_category">Unknown</att>
        </addAttributes>
    </dataVariable>
    <dataVariable>
        <sourceName>format_version</sourceName>
        <destinationName>format_version</destinationName>
        <dataType>String</dataType>
        <!-- sourceAttributes>
            <att name="long_name">File format version</att>
        </sourceAttributes -->
        <addAttributes>
            <att name="ioos_category">Unknown</att>
        </addAttributes>
    </dataVariable>
    <dataVariable>
        <sourceName>handbook_version</sourceName>
        <destinationName>handbook_version</destinationName>
        <dataType>String</dataType>
        <!-- sourceAttributes>
            <att name="long_name">Data handbook version</att>
        </sourceAttributes -->
        <addAttributes>
            <att name="ioos_category">Unknown</att>
        </addAttributes>
    </dataVariable>
    <dataVariable>
        <sourceName>reference_date_time</sourceName>
        <destinationName>reference_date_time</destinationName>
        <dataType>String</dataType>
        <!-- sourceAttributes>
            <att name="conventions">YYYYMMDDHHMISS</att>
            <att name="long_name">Date of reference for Julian days</att>
        </sourceAttributes -->
        <addAttributes>
            <att name="ioos_category">Time</att>
        </addAttributes>
    </dataVariable>
    <dataVariable>
        <sourceName>date_creation</sourceName>
        <destinationName>date_creation</destinationName>
        <dataType>String</dataType>
        <!-- sourceAttributes>
            <att name="conventions">YYYYMMDDHHMISS</att>
            <att name="long_name">Date of file creation</att>
        </sourceAttributes -->
        <addAttributes>
            <att name="ioos_category">Time</att>
        </addAttributes>
    </dataVariable>
    <dataVariable>
        <sourceName>date_update</sourceName>
        <destinationName>date_update</destinationName>
        <dataType>String</dataType>
        <!-- sourceAttributes>
            <att name="conventions">YYYYMMDDHHMISS</att>
            <att name="long_name">Date of update of this file</att>
        </sourceAttributes -->
        <addAttributes>
            <att name="ioos_category">Time</att>
        </addAttributes>
    </dataVariable>
    <dataVariable>
        <sourceName>platform_number</sourceName>
        <destinationName>platform_number</destinationName>
        <dataType>String</dataType>
        <!-- sourceAttributes>
            <att name="conventions">WMO float identifier : A9IIIII</att>
            <att name="long_name">Float unique identifier</att>
        </sourceAttributes -->
        <addAttributes>
            <att name="ioos_category">Identifier</att>
            <att name="cf_role">profile_id</att>
        </addAttributes>
    </dataVariable>
    <dataVariable>
        <sourceName>project_name</sourceName>
        <destinationName>project_name</destinationName>
        <dataType>String</dataType>
        <!-- sourceAttributes>
            <att name="long_name">Name of the project</att>
        </sourceAttributes -->
        <addAttributes>
            <att name="ioos_category">Identifier</att>
        </addAttributes>
    </dataVariable>
    <dataVariable>
        <sourceName>pi_name</sourceName>
        <destinationName>pi_name</destinationName>
        <dataType>String</dataType>
        <!-- sourceAttributes>
            <att name="long_name">Name of the principal investigator</att>
        </sourceAttributes -->
        <addAttributes>
            <att name="ioos_category">Identifier</att>
        </addAttributes>
    </dataVariable>
    <dataVariable>
        <sourceName>cycle_number</sourceName>
        <destinationName>cycle_number</destinationName>
        <dataType>int</dataType>
        <!-- sourceAttributes>
            <att name="_FillValue" type="int">99999</att>
            <att name="conventions">0...N, 0 : launch cycle (if exists), 1 : first complete cycle</att>
            <att name="long_name">Float cycle number</att>
        </sourceAttributes -->
        <addAttributes>
            <att name="colorBarMaximum" type="double">100.0</att>
            <att name="colorBarMinimum" type="double">0.0</att>
            <att name="ioos_category">Statistics</att>
        </addAttributes>
    </dataVariable>
    <dataVariable>
        <sourceName>direction</sourceName>
        <destinationName>direction</destinationName>
        <dataType>char</dataType>
        <!-- sourceAttributes>
            <att name="conventions">A: ascending profiles, D: descending profiles</att>
            <att name="long_name">Direction of the station profiles</att>
        </sourceAttributes -->
        <addAttributes>
            <att name="colorBarMaximum" type="double">360.0</att>
            <att name="colorBarMinimum" type="double">0.0</att>
            <att name="ioos_category">Currents</att>
        </addAttributes>
    </dataVariable>
    <dataVariable>
        <sourceName>data_centre</sourceName>
        <destinationName>data_centre</destinationName>
        <dataType>String</dataType>
        <!-- sourceAttributes>
            <att name="conventions">Argo reference table 4</att>
            <att name="long_name">Data centre in charge of float data processing</att>
        </sourceAttributes -->
        <addAttributes>
            <att name="ioos_category">Unknown</att>
        </addAttributes>
    </dataVariable>
    <dataVariable>
        <sourceName>dc_reference</sourceName>
        <destinationName>dc_reference</destinationName>
        <dataType>String</dataType>
        <!-- sourceAttributes>
            <att name="conventions">Data centre convention</att>
            <att name="long_name">Station unique identifier in data centre</att>
        </sourceAttributes -->
        <addAttributes>
            <att name="ioos_category">Identifier</att>
        </addAttributes>
    </dataVariable>
    <dataVariable>
        <sourceName>data_state_indicator</sourceName>
        <destinationName>data_state_indicator</destinationName>
        <dataType>String</dataType>
        <!-- sourceAttributes>
            <att name="conventions">Argo reference table 6</att>
            <att name="long_name">Degree of processing the data have passed through</att>
        </sourceAttributes -->
        <addAttributes>
            <att name="ioos_category">Location</att>
        </addAttributes>
    </dataVariable>
    <dataVariable>
        <sourceName>data_mode</sourceName>
        <destinationName>data_mode</destinationName>
        <dataType>char</dataType>
        <!-- sourceAttributes>
            <att name="conventions">R : real time; D : delayed mode; A : real time with adjustment</att>
            <att name="long_name">Delayed mode or real time data</att>
        </sourceAttributes -->
        <addAttributes>
            <att name="ioos_category">Time</att>
        </addAttributes>
    </dataVariable>
    <dataVariable>
        <sourceName>platform_type</sourceName>
        <destinationName>platform_type</destinationName>
        <dataType>String</dataType>
        <!-- sourceAttributes>
            <att name="conventions">Argo reference table 23</att>
            <att name="long_name">Type of float</att>
        </sourceAttributes -->
        <addAttributes>
            <att name="ioos_category">Unknown</att>
        </addAttributes>
    </dataVariable>
    <dataVariable>
        <sourceName>float_serial_no</sourceName>
        <destinationName>float_serial_no</destinationName>
        <dataType>String</dataType>
        <!-- sourceAttributes>
            <att name="long_name">Serial number of the float</att>
        </sourceAttributes -->
        <addAttributes>
            <att name="colorBarMaximum" type="double">100.0</att>
            <att name="colorBarMinimum" type="double">0.0</att>
            <att name="ioos_category">Statistics</att>
        </addAttributes>
    </dataVariable>
    <dataVariable>
        <sourceName>firmware_version</sourceName>
        <destinationName>firmware_version</destinationName>
        <dataType>String</dataType>
        <!-- sourceAttributes>
            <att name="long_name">Instrument firmware version</att>
        </sourceAttributes -->
        <addAttributes>
            <att name="ioos_category">Unknown</att>
        </addAttributes>
    </dataVariable>
    <dataVariable>
        <sourceName>wmo_inst_type</sourceName>
        <destinationName>wmo_inst_type</destinationName>
        <dataType>String</dataType>
        <!-- sourceAttributes>
            <att name="conventions">Argo reference table 8</att>
            <att name="long_name">Coded instrument type</att>
        </sourceAttributes -->
        <addAttributes>
            <att name="ioos_category">Unknown</att>
        </addAttributes>
    </dataVariable>
    <dataVariable>
        <sourceName>juld</sourceName>
        <destinationName>time</destinationName>
        <dataType>double</dataType>
        <!-- sourceAttributes>
            <att name="_FillValue" type="double">999999.0</att>
            <att name="axis">T</att>
            <att name="conventions">Relative julian days with decimal part (as parts of day)</att>
            <att name="long_name">Julian day (UTC) of the station relative to REFERENCE_DATE_TIME</att>
            <att name="resolution" type="double">0.0</att>
            <att name="standard_name">time</att>
            <att name="units">days since 1950-01-01 00:00:00 UTC</att>
        </sourceAttributes -->
        <addAttributes>
            <att name="ioos_category">Time</att>
            <att name="resolution">null</att>
        </addAttributes>
    </dataVariable>
    <dataVariable>
        <sourceName>juld_qc</sourceName>
        <destinationName>juld_qc</destinationName>
        <dataType>char</dataType>
        <!-- sourceAttributes>
            <att name="conventions">Argo reference table 2</att>
            <att name="long_name">Quality on date and time</att>
        </sourceAttributes -->
        <addAttributes>
            <att name="colorBarMaximum" type="double">150.0</att>
            <att name="colorBarMinimum" type="double">0.0</att>
            <att name="ioos_category">Quality</att>
        </addAttributes>
    </dataVariable>
    <dataVariable>
        <sourceName>juld_location</sourceName>
        <destinationName>juld_location</destinationName>
        <dataType>double</dataType>
        <!-- sourceAttributes>
            <att name="_FillValue" type="double">999999.0</att>
            <att name="conventions">Relative julian days with decimal part (as parts of day)</att>
            <att name="long_name">Julian day (UTC) of the location relative to REFERENCE_DATE_TIME</att>
            <att name="resolution" type="double">0.0</att>
            <att name="units">days since 1950-01-01 00:00:00 UTC</att>
        </sourceAttributes -->
        <addAttributes>
            <att name="ioos_category">Time</att>
            <att name="resolution">null</att>
            <att name="standard_name">time</att>
        </addAttributes>
    </dataVariable>
    <dataVariable>
        <sourceName>latitude</sourceName>
        <destinationName>latitude</destinationName>
        <dataType>double</dataType>
        <!-- sourceAttributes>
            <att name="_FillValue" type="double">99999.0</att>
            <att name="axis">Y</att>
            <att name="long_name">Latitude of the station, best estimate</att>
            <att name="standard_name">latitude</att>
            <att name="units">degree_north</att>
            <att name="valid_max" type="double">90.0</att>
            <att name="valid_min" type="double">-90.0</att>
        </sourceAttributes -->
        <addAttributes>
            <att name="colorBarMaximum" type="double">90.0</att>
            <att name="colorBarMinimum" type="double">-90.0</att>
            <att name="ioos_category">Location</att>
            <att name="units">degrees_north</att>
        </addAttributes>
    </dataVariable>
    <dataVariable>
        <sourceName>longitude</sourceName>
        <destinationName>longitude</destinationName>
        <dataType>double</dataType>
        <!-- sourceAttributes>
            <att name="_FillValue" type="double">99999.0</att>
            <att name="axis">X</att>
            <att name="long_name">Longitude of the station, best estimate</att>
            <att name="standard_name">longitude</att>
            <att name="units">degree_east</att>
            <att name="valid_max" type="double">180.0</att>
            <att name="valid_min" type="double">-180.0</att>
        </sourceAttributes -->
        <addAttributes>
            <att name="colorBarMaximum" type="double">180.0</att>
            <att name="colorBarMinimum" type="double">-180.0</att>
            <att name="ioos_category">Location</att>
            <att name="units">degrees_east</att>
        </addAttributes>
    </dataVariable>
    <dataVariable>
        <sourceName>position_qc</sourceName>
        <destinationName>position_qc</destinationName>
        <dataType>char</dataType>
        <!-- sourceAttributes>
            <att name="conventions">Argo reference table 2</att>
            <att name="long_name">Quality on position (latitude and longitude)</att>
        </sourceAttributes -->
        <addAttributes>
            <att name="colorBarMaximum" type="double">150.0</att>
            <att name="colorBarMinimum" type="double">0.0</att>
            <att name="ioos_category">Quality</att>
        </addAttributes>
    </dataVariable>
    <dataVariable>
        <sourceName>positioning_system</sourceName>
        <destinationName>positioning_system</destinationName>
        <dataType>String</dataType>
        <!-- sourceAttributes>
            <att name="long_name">Positioning system</att>
        </sourceAttributes -->
        <addAttributes>
            <att name="ioos_category">Unknown</att>
        </addAttributes>
    </dataVariable>
    <dataVariable>
        <sourceName>profile_pres_qc</sourceName>
        <destinationName>profile_pres_qc</destinationName>
        <dataType>char</dataType>
        <!-- sourceAttributes>
            <att name="conventions">Argo reference table 2a</att>
            <att name="long_name">Global quality flag of PRES profile</att>
        </sourceAttributes -->
        <addAttributes>
            <att name="colorBarMaximum" type="double">150.0</att>
            <att name="colorBarMinimum" type="double">0.0</att>
            <att name="ioos_category">Quality</att>
        </addAttributes>
    </dataVariable>
    <dataVariable>
        <sourceName>profile_temp_qc</sourceName>
        <destinationName>profile_temp_qc</destinationName>
        <dataType>char</dataType>
        <!-- sourceAttributes>
            <att name="conventions">Argo reference table 2a</att>
            <att name="long_name">Global quality flag of TEMP profile</att>
        </sourceAttributes -->
        <addAttributes>
            <att name="colorBarMaximum" type="double">150.0</att>
            <att name="colorBarMinimum" type="double">0.0</att>
            <att name="ioos_category">Quality</att>
        </addAttributes>
    </dataVariable>
    <dataVariable>
        <sourceName>profile_psal_qc</sourceName>
        <destinationName>profile_psal_qc</destinationName>
        <dataType>char</dataType>
        <!-- sourceAttributes>
            <att name="conventions">Argo reference table 2a</att>
            <att name="long_name">Global quality flag of PSAL profile</att>
        </sourceAttributes -->
        <addAttributes>
            <att name="colorBarMaximum" type="double">150.0</att>
            <att name="colorBarMinimum" type="double">0.0</att>
            <att name="ioos_category">Quality</att>
        </addAttributes>
    </dataVariable>
    <dataVariable>
        <sourceName>vertical_sampling_scheme</sourceName>
        <destinationName>vertical_sampling_scheme</destinationName>
        <dataType>String</dataType>
        <!-- sourceAttributes>
            <att name="conventions">Argo reference table 16</att>
            <att name="long_name">Vertical sampling scheme</att>
        </sourceAttributes -->
        <addAttributes>
            <att name="ioos_category">Unknown</att>
        </addAttributes>
    </dataVariable>
    <dataVariable>
        <sourceName>config_mission_number</sourceName>
        <destinationName>config_mission_number</destinationName>
        <dataType>int</dataType>
        <!-- sourceAttributes>
            <att name="_FillValue" type="int">99999</att>
            <att name="conventions">1...N, 1 : first complete mission</att>
            <att name="long_name">Unique number denoting the missions performed by the float</att>
        </sourceAttributes -->
        <addAttributes>
            <att name="colorBarMaximum" type="double">100.0</att>
            <att name="colorBarMinimum" type="double">0.0</att>
            <att name="ioos_category">Statistics</att>
        </addAttributes>
    </dataVariable>
    <dataVariable>
        <sourceName>pres</sourceName>
        <destinationName>depth</destinationName>
        <dataType>float</dataType>
        <!-- sourceAttributes>
            <att name="_FillValue" type="float">99999.0</att>
            <att name="axis">Z</att>
            <att name="C_format">&#37;7.1f</att>
            <att name="FORTRAN_format">F7.1</att>
            <att name="long_name">Sea water pressure, equals 0 at sea-level</att>
            <att name="resolution" type="float">1.0</att>
            <att name="standard_name">sea_water_pressure</att>
            <att name="units">decibar</att>
            <att name="valid_max" type="float">12000.0</att>
            <att name="valid_min" type="float">0.0</att>
        </sourceAttributes -->
        <addAttributes>
            <att name="colorBarMaximum" type="double">5000.0</att>
            <att name="units">meters</att>
            <att name="positive">down</att>
            <att name="colorBarMinimum" type="double">0.0</att>
            <att name="ioos_category">Sea Level</att>
            <att name="resolution">null</att>
        </addAttributes>
    </dataVariable>
    <dataVariable>
        <sourceName>pres_qc</sourceName>
        <destinationName>pres_qc</destinationName>
        <dataType>char</dataType>
        <!-- sourceAttributes>
            <att name="conventions">Argo reference table 2</att>
            <att name="long_name">quality flag</att>
        </sourceAttributes -->
        <addAttributes>
            <att name="colorBarMaximum" type="double">150.0</att>
            <att name="colorBarMinimum" type="double">0.0</att>
            <att name="ioos_category">Quality</att>
        </addAttributes>
    </dataVariable>
    <dataVariable>
        <sourceName>pres_adjusted</sourceName>
        <destinationName>pres_adjusted</destinationName>
        <dataType>float</dataType>
        <!-- sourceAttributes>
            <att name="_FillValue" type="float">99999.0</att>
            <att name="axis">Z</att>
            <att name="C_format">&#37;7.1f</att>
            <att name="FORTRAN_format">F7.1</att>
            <att name="long_name">Sea water pressure, equals 0 at sea-level</att>
            <att name="resolution" type="float">1.0</att>
            <att name="standard_name">sea_water_pressure</att>
            <att name="units">decibar</att>
            <att name="valid_max" type="float">12000.0</att>
            <att name="valid_min" type="float">0.0</att>
        </sourceAttributes -->
        <addAttributes>
            <att name="colorBarMaximum" type="double">5000.0</att>
            <att name="colorBarMinimum" type="double">0.0</att>
            <att name="ioos_category">Sea Level</att>
            <att name="resolution">null</att>
        </addAttributes>
    </dataVariable>
    <dataVariable>
        <sourceName>pres_adjusted_qc</sourceName>
        <destinationName>pres_adjusted_qc</destinationName>
        <dataType>char</dataType>
        <!-- sourceAttributes>
            <att name="conventions">Argo reference table 2</att>
            <att name="long_name">quality flag</att>
        </sourceAttributes -->
        <addAttributes>
            <att name="colorBarMaximum" type="double">150.0</att>
            <att name="colorBarMinimum" type="double">0.0</att>
            <att name="ioos_category">Quality</att>
        </addAttributes>
    </dataVariable>
    <dataVariable>
        <sourceName>pres_adjusted_error</sourceName>
        <destinationName>pres_adjusted_error</destinationName>
        <dataType>float</dataType>
        <!-- sourceAttributes>
            <att name="_FillValue" type="float">99999.0</att>
            <att name="C_format">&#37;7.1f</att>
            <att name="FORTRAN_format">F7.1</att>
            <att name="long_name">Contains the error on the adjusted values as determined by the delayed mode QC process</att>
            <att name="resolution" type="float">1.0</att>
            <att name="units">decibar</att>
        </sourceAttributes -->
        <addAttributes>
            <att name="colorBarMaximum" type="double">50.0</att>
            <att name="colorBarMinimum" type="double">0.0</att>
            <att name="ioos_category">Statistics</att>
            <att name="resolution">null</att>
        </addAttributes>
    </dataVariable>
    <dataVariable>
        <sourceName>temp</sourceName>
        <destinationName>temp</destinationName>
        <dataType>float</dataType>
        <!-- sourceAttributes>
            <att name="_FillValue" type="float">99999.0</att>
            <att name="C_format">&#37;9.3f</att>
            <att name="FORTRAN_format">F9.3</att>
            <att name="long_name">Sea temperature in-situ ITS-90 scale</att>
            <att name="resolution" type="float">0.001</att>
            <att name="standard_name">sea_water_temperature</att>
            <att name="units">degree_Celsius</att>
            <att name="valid_max" type="float">40.0</att>
            <att name="valid_min" type="float">-2.5</att>
        </sourceAttributes -->
        <addAttributes>
            <att name="colorBarMaximum" type="double">32.0</att>
            <att name="colorBarMinimum" type="double">0.0</att>
            <att name="ioos_category">Temperature</att>
            <att name="resolution">null</att>
        </addAttributes>
    </dataVariable>
    <dataVariable>
        <sourceName>temp_qc</sourceName>
        <destinationName>temp_qc</destinationName>
        <dataType>char</dataType>
        <!-- sourceAttributes>
            <att name="conventions">Argo reference table 2</att>
            <att name="long_name">quality flag</att>
        </sourceAttributes -->
        <addAttributes>
            <att name="colorBarMaximum" type="double">150.0</att>
            <att name="colorBarMinimum" type="double">0.0</att>
            <att name="ioos_category">Quality</att>
        </addAttributes>
    </dataVariable>
    <dataVariable>
        <sourceName>temp_adjusted</sourceName>
        <destinationName>temp_adjusted</destinationName>
        <dataType>float</dataType>
        <!-- sourceAttributes>
            <att name="_FillValue" type="float">99999.0</att>
            <att name="C_format">&#37;9.3f</att>
            <att name="FORTRAN_format">F9.3</att>
            <att name="long_name">Sea temperature in-situ ITS-90 scale</att>
            <att name="resolution" type="float">0.001</att>
            <att name="standard_name">sea_water_temperature</att>
            <att name="units">degree_Celsius</att>
            <att name="valid_max" type="float">40.0</att>
            <att name="valid_min" type="float">-2.5</att>
        </sourceAttributes -->
        <addAttributes>
            <att name="colorBarMaximum" type="double">32.0</att>
            <att name="colorBarMinimum" type="double">0.0</att>
            <att name="ioos_category">Temperature</att>
            <att name="resolution">null</att>
        </addAttributes>
    </dataVariable>
    <dataVariable>
        <sourceName>temp_adjusted_qc</sourceName>
        <destinationName>temp_adjusted_qc</destinationName>
        <dataType>char</dataType>
        <!-- sourceAttributes>
            <att name="conventions">Argo reference table 2</att>
            <att name="long_name">quality flag</att>
        </sourceAttributes -->
        <addAttributes>
            <att name="colorBarMaximum" type="double">150.0</att>
            <att name="colorBarMinimum" type="double">0.0</att>
            <att name="ioos_category">Quality</att>
        </addAttributes>
    </dataVariable>
    <dataVariable>
        <sourceName>temp_adjusted_error</sourceName>
        <destinationName>temp_adjusted_error</destinationName>
        <dataType>float</dataType>
        <!-- sourceAttributes>
            <att name="_FillValue" type="float">99999.0</att>
            <att name="C_format">&#37;9.3f</att>
            <att name="FORTRAN_format">F9.3</att>
            <att name="long_name">Contains the error on the adjusted values as determined by the delayed mode QC process</att>
            <att name="resolution" type="float">0.001</att>
            <att name="units">degree_Celsius</att>
        </sourceAttributes -->
        <addAttributes>
            <att name="colorBarMaximum" type="double">5.0</att>
            <att name="colorBarMinimum" type="double">0.0</att>
            <att name="ioos_category">Statistics</att>
            <att name="resolution">null</att>
        </addAttributes>
    </dataVariable>
    <dataVariable>
        <sourceName>psal</sourceName>
        <destinationName>psal</destinationName>
        <dataType>float</dataType>
        <!-- sourceAttributes>
            <att name="_FillValue" type="float">99999.0</att>
            <att name="C_format">&#37;9.3f</att>
            <att name="FORTRAN_format">F9.3</att>
            <att name="long_name">Practical salinity</att>
            <att name="resolution" type="float">0.001</att>
            <att name="standard_name">sea_water_salinity</att>
            <att name="units">psu</att>
            <att name="valid_max" type="float">41.0</att>
            <att name="valid_min" type="float">2.0</att>
        </sourceAttributes -->
        <addAttributes>
            <att name="colorBarMaximum" type="double">37.0</att>
            <att name="colorBarMinimum" type="double">32.0</att>
            <att name="ioos_category">Salinity</att>
            <att name="resolution">null</att>
            <att name="standard_name">sea_water_practical_salinity</att>
            <att name="units">PSU</att>
        </addAttributes>
    </dataVariable>
    <dataVariable>
        <sourceName>psal_qc</sourceName>
        <destinationName>psal_qc</destinationName>
        <dataType>char</dataType>
        <!-- sourceAttributes>
            <att name="conventions">Argo reference table 2</att>
            <att name="long_name">quality flag</att>
        </sourceAttributes -->
        <addAttributes>
            <att name="colorBarMaximum" type="double">150.0</att>
            <att name="colorBarMinimum" type="double">0.0</att>
            <att name="ioos_category">Quality</att>
        </addAttributes>
    </dataVariable>
    <dataVariable>
        <sourceName>psal_adjusted</sourceName>
        <destinationName>psal_adjusted</destinationName>
        <dataType>float</dataType>
        <!-- sourceAttributes>
            <att name="_FillValue" type="float">99999.0</att>
            <att name="C_format">&#37;9.3f</att>
            <att name="FORTRAN_format">F9.3</att>
            <att name="long_name">Practical salinity</att>
            <att name="resolution" type="float">0.001</att>
            <att name="standard_name">sea_water_salinity</att>
            <att name="units">psu</att>
            <att name="valid_max" type="float">41.0</att>
            <att name="valid_min" type="float">2.0</att>
        </sourceAttributes -->
        <addAttributes>
            <att name="colorBarMaximum" type="double">37.0</att>
            <att name="colorBarMinimum" type="double">32.0</att>
            <att name="ioos_category">Salinity</att>
            <att name="resolution">null</att>
            <att name="standard_name">sea_water_practical_salinity</att>
            <att name="units">PSU</att>
        </addAttributes>
    </dataVariable>
    <dataVariable>
        <sourceName>psal_adjusted_qc</sourceName>
        <destinationName>psal_adjusted_qc</destinationName>
        <dataType>char</dataType>
        <!-- sourceAttributes>
            <att name="conventions">Argo reference table 2</att>
            <att name="long_name">quality flag</att>
        </sourceAttributes -->
        <addAttributes>
            <att name="colorBarMaximum" type="double">150.0</att>
            <att name="colorBarMinimum" type="double">0.0</att>
            <att name="ioos_category">Quality</att>
        </addAttributes>
    </dataVariable>
    <dataVariable>
        <sourceName>psal_adjusted_error</sourceName>
        <destinationName>psal_adjusted_error</destinationName>
        <dataType>float</dataType>
        <!-- sourceAttributes>
            <att name="_FillValue" type="float">99999.0</att>
            <att name="C_format">&#37;9.3f</att>
            <att name="FORTRAN_format">F9.3</att>
            <att name="long_name">Contains the error on the adjusted values as determined by the delayed mode QC process</att>
            <att name="resolution" type="float">0.001</att>
            <att name="units">psu</att>
        </sourceAttributes -->
        <addAttributes>
            <att name="colorBarMaximum" type="double">1.0</att>
            <att name="colorBarMinimum" type="double">0.0</att>
            <att name="ioos_category">Statistics</att>
            <att name="resolution">null</att>
        </addAttributes>
    </dataVariable>
    <dataVariable>
        <sourceName>crs</sourceName>
        <destinationName>crs</destinationName>
        <dataType>int</dataType>
        <!-- sourceAttributes>
            <att name="epsg_code">EPSG:4326</att>
            <att name="grid_mapping_name">latitude_longitude</att>
            <att name="inverse_flattening">298.257223563</att>
            <att name="long_name">Coordinate Reference System</att>
            <att name="longitude_of_prime_meridian">0.0f</att>
            <att name="semi_major_axis">6378137.0</att>
        </sourceAttributes -->
        <addAttributes>
            <att name="ioos_category">Unknown</att>
        </addAttributes>
    </dataVariable>
</dataset>


